NetworkManager-tui
alacritty
brightnessctl
clang
clang-tools-extra
cmake
code
containerd.io
docker-buildx-plugin
docker-ce
docker-ce-cli
docker-compose-plugin
dolphin
fcitx5
fcitx5-chinese-addons
fcitx5-table-extra
fcitx5-zhuyin
ffmpeg-free
fira-code-fonts
flatpak
fuse
fzf
gcc
gdb
git
gnome-themes-extra
golang
graphite2-devel
gstreamer1-plugin-openh264
harfbuzz-devel
hplip-gui
java-17-openjdk-devel
llvm
ltrace
neofetch
neovim
nodejs
openconnect
openh264
opensnitch
opensnitch-ui
openssl-devel
pavucontrol
qt5ct
sassc
shim-aa64
snap-confine
snapd
snapd-glib
snapd-qt
snapd-selinux
stow
strace
sway
tealdeer
texlive-synctex
tiny-dfr
uxplay
vim-enhanced
wofi
xdg-desktop-portal-gtk
xev
xlsclients
zlib-devel
zsh
zsh-autosuggestions
zsh-syntax-highlighting
